<?xml version="1.0" encoding="UTF-8"?>
<!-- Generated by org.testng.reporters.JUnitXMLReporter -->
<testsuite hostname="Vandy" ignored="0" name="SeleniumAutomationJava Test" tests="2" failures="1" timestamp="17 Jun 2020 20:11:15 GMT" time="8.985" errors="0">
  <testcase name="loginTestGuru" time="1.71" classname="com.Guru.testCases.TC_LoginGuru"/>
  <testcase name="loginTestGuru" time="1.72" classname="com.Guru.testCases.TC_LoginGuru">
    <failure type="java.lang.NullPointerException">
      <![CDATA[java.lang.NullPointerException
at com.Guru.utilities.ReportingExtent.onTestSuccess(ReportingExtent.java:61)
... Removed 22 stack frames]]>
    </failure>
  </testcase> <!-- loginTestGuru -->
</testsuite> <!-- SeleniumAutomationJava Test -->
